2017-06-02 17:38:11: Comparing /Users/nandoschmidlin/Documents/Nando_Inc/2 Sites/moneynotlove.ch/build-github/pages/03.round-table/170601_RoundTable/article.de.md to ftps://80.74.135.111/moneynotlove.ch/user/pages/03.round-table/170601_RoundTable/article.de.md
2017-06-02 17:38:11: Compare: "-u" "/Users/nandoschmidlin/Documents/Nando_Inc/2 Sites/moneynotlove.ch/build-github/pages/03.round-table/170601_RoundTable/article.de.md" "/var/tmp/gst_9985_4.tmp"
2017-06-02 17:38:11: ===== Done =====
2017-06-02 17:38:11: 
2017-06-02 17:40:28: New _gsdata_ folder(s) created, so rescan all job folders for their ghosts
2017-06-02 17:40:28: == Sync Started by User Command
2017-06-02 17:40:28: Create Folder 'ftps://80.74.135.111/moneynotlove.ch/user/pages/02.knowledge-base/kb/05.urheberrecht'
2017-06-02 17:40:28: /01.home/default.md: unresolved conflict results in No Copy
2017-06-02 17:40:28: /02.knowledge-base/_header/section.md: unresolved conflict results in No Copy
2017-06-02 17:40:28: /02.knowledge-base/_section/section.md: unresolved conflict results in No Copy
2017-06-02 17:40:28: /02.knowledge-base/_topics/knowledge-base-topics.md: unresolved conflict results in No Copy
2017-06-02 17:40:28: /02.knowledge-base/kb/01.stundenansatz/02.100-pro-stunde/default.md: unresolved conflict results in No Copy
2017-06-02 17:40:28: /02.knowledge-base/kb/01.stundenansatz/03.abzuege/default.md: unresolved conflict results in No Copy
2017-06-02 17:40:28: /02.knowledge-base/kb/01.stundenansatz/04.netto/default.md: unresolved conflict results in No Copy
2017-06-02 17:40:28: /02.knowledge-base/kb/01.stundenansatz/05.vergleich/default.md: unresolved conflict results in No Copy
2017-06-02 17:40:28: /02.knowledge-base/kb/01.stundenansatz/topics.md: unresolved conflict results in No Copy
2017-06-02 17:40:28: /02.knowledge-base/kb/02.versicherung/01.AHV/default.md: unresolved conflict results in No Copy
2017-06-02 17:40:28: /02.knowledge-base/kb/02.versicherung/02.Unfallversicherung/default.md: unresolved conflict results in No Copy
2017-06-02 17:40:28: /02.knowledge-base/kb/02.versicherung/03.Erwerbsausfallentschaedigung/default.md: unresolved conflict results in No Copy
2017-06-02 17:40:28: /02.knowledge-base/kb/02.versicherung/04.BVG/default.md: unresolved conflict results in No Copy
2017-06-02 17:40:28: /02.knowledge-base/kb/02.versicherung/topics.md: unresolved conflict results in No Copy
2017-06-02 17:40:28: /02.knowledge-base/kb/03.buchhaltung/01.Rechnung/default.md: unresolved conflict results in No Copy
2017-06-02 17:40:28: /02.knowledge-base/kb/03.buchhaltung/02.Konto/default.md: unresolved conflict results in No Copy
2017-06-02 17:40:28: /02.knowledge-base/kb/03.buchhaltung/03.Buchführung/default.md: unresolved conflict results in No Copy
2017-06-02 17:40:28: /02.knowledge-base/kb/03.buchhaltung/04.Steuererklaerung/default.md: unresolved conflict results in No Copy
2017-06-02 17:40:28: /02.knowledge-base/kb/03.buchhaltung/topics.md: unresolved conflict results in No Copy
2017-06-02 17:40:28: /02.knowledge-base/kb/04.selbststaendigkeit/02.anmeldung/default.md: unresolved conflict results in No Copy
2017-06-02 17:40:28: /02.knowledge-base/kb/04.selbststaendigkeit/03.gesellschaftsvertrag/default.md: unresolved conflict results in No Copy
2017-06-02 17:40:28: /02.knowledge-base/kb/04.selbststaendigkeit/topics.md: unresolved conflict results in No Copy
2017-06-02 17:40:28: /02.knowledge-base/modular.md: unresolved conflict results in No Copy
2017-06-02 17:40:28: /03.round-table/160208_Cern/article.md: unresolved conflict results in No Copy
2017-06-02 17:40:28: /03.round-table/160208_Cern/C4y9kR-WQAUFqQG.jpg: unresolved conflict results in No Copy
2017-06-02 17:40:28: /03.round-table/160219_DDD/article.de.md: unresolved conflict results in No Copy
2017-06-02 17:40:28: /03.round-table/160219_DDD/ikea1.jpg: unresolved conflict results in No Copy
2017-06-02 17:40:28: /03.round-table/160714_forum-for-an-attitude/article.de.md: unresolved conflict results in No Copy
2017-06-02 17:40:28: /03.round-table/160714_forum-for-an-attitude/Depot Basel - Forum for an Attitude - Exhibition View.jpg: unresolved conflict results in No Copy
2017-06-02 17:40:28: /03.round-table/170412_Relaunch/article.de.md: unresolved conflict results in No Copy
2017-06-02 17:40:28: /03.round-table/170508_beizerei-traber/article.de.md: unresolved conflict results in No Copy
2017-06-02 17:40:28: /03.round-table/170518_design-for-a-better-world/article.md: unresolved conflict results in No Copy
2017-06-02 17:40:28: /03.round-table/170601_RoundTable/article.de.md: unresolved conflict results in No Copy
2017-06-02 17:40:28: Copy New 'ftps://80.74.135.111/moneynotlove.ch/user/pages/03.round-table/170601_RoundTable/moneynotlove-illu.jpg' -> '/Users/nandoschmidlin/Documents/Nando_Inc/2 Sites/moneynotlove.ch/build-github/pages/03.round-table/170601_RoundTable/moneynotlove-illu.jpg'
2017-06-02 17:40:28: /03.round-table/round-table.de.md: unresolved conflict results in No Copy
2017-06-02 17:40:28: /cheatsheet/default.md: unresolved conflict results in No Copy
2017-06-02 17:40:28: /documentation/default.md: unresolved conflict results in No Copy
2017-06-02 17:40:28: /images/logo.png: unresolved conflict results in No Copy
2017-06-02 17:40:28: == Sync Complete. Time: 00:00:00, Speed: 0.0/s, OK: 37, Errors: 0, Conflicts: 37
2017-06-02 17:40:28: 
2017-06-02 17:40:56: == Sync Started by User Command
2017-06-02 17:40:56: /01.home/default.md: unresolved conflict results in No Copy
2017-06-02 17:40:56: /02.knowledge-base/_header/section.md: unresolved conflict results in No Copy
2017-06-02 17:40:56: /02.knowledge-base/_section/section.md: unresolved conflict results in No Copy
2017-06-02 17:40:56: /02.knowledge-base/_topics/knowledge-base-topics.md: unresolved conflict results in No Copy
2017-06-02 17:40:56: /02.knowledge-base/kb/01.stundenansatz/02.100-pro-stunde/default.md: unresolved conflict results in No Copy
2017-06-02 17:40:56: /02.knowledge-base/kb/01.stundenansatz/03.abzuege/default.md: unresolved conflict results in No Copy
2017-06-02 17:40:56: /02.knowledge-base/kb/01.stundenansatz/04.netto/default.md: unresolved conflict results in No Copy
2017-06-02 17:40:56: /02.knowledge-base/kb/01.stundenansatz/05.vergleich/default.md: unresolved conflict results in No Copy
2017-06-02 17:40:56: /02.knowledge-base/kb/01.stundenansatz/topics.md: unresolved conflict results in No Copy
2017-06-02 17:40:56: /02.knowledge-base/kb/02.versicherung/01.AHV/default.md: unresolved conflict results in No Copy
2017-06-02 17:40:56: /02.knowledge-base/kb/02.versicherung/02.Unfallversicherung/default.md: unresolved conflict results in No Copy
2017-06-02 17:40:56: /02.knowledge-base/kb/02.versicherung/03.Erwerbsausfallentschaedigung/default.md: unresolved conflict results in No Copy
2017-06-02 17:40:56: /02.knowledge-base/kb/02.versicherung/04.BVG/default.md: unresolved conflict results in No Copy
2017-06-02 17:40:56: /02.knowledge-base/kb/02.versicherung/topics.md: unresolved conflict results in No Copy
2017-06-02 17:40:56: /02.knowledge-base/kb/03.buchhaltung/01.Rechnung/default.md: unresolved conflict results in No Copy
2017-06-02 17:40:56: /02.knowledge-base/kb/03.buchhaltung/02.Konto/default.md: unresolved conflict results in No Copy
2017-06-02 17:40:56: /02.knowledge-base/kb/03.buchhaltung/03.Buchführung/default.md: unresolved conflict results in No Copy
2017-06-02 17:40:56: /02.knowledge-base/kb/03.buchhaltung/04.Steuererklaerung/default.md: unresolved conflict results in No Copy
2017-06-02 17:40:56: /02.knowledge-base/kb/03.buchhaltung/topics.md: unresolved conflict results in No Copy
2017-06-02 17:40:56: /02.knowledge-base/kb/04.selbststaendigkeit/02.anmeldung/default.md: unresolved conflict results in No Copy
2017-06-02 17:40:56: /02.knowledge-base/kb/04.selbststaendigkeit/03.gesellschaftsvertrag/default.md: unresolved conflict results in No Copy
2017-06-02 17:40:56: /02.knowledge-base/kb/04.selbststaendigkeit/topics.md: unresolved conflict results in No Copy
2017-06-02 17:40:56: /02.knowledge-base/modular.md: unresolved conflict results in No Copy
2017-06-02 17:40:56: /03.round-table/160208_Cern/article.md: unresolved conflict results in No Copy
2017-06-02 17:40:56: /03.round-table/160208_Cern/C4y9kR-WQAUFqQG.jpg: unresolved conflict results in No Copy
2017-06-02 17:40:56: /03.round-table/160219_DDD/article.de.md: unresolved conflict results in No Copy
2017-06-02 17:40:56: /03.round-table/160219_DDD/ikea1.jpg: unresolved conflict results in No Copy
2017-06-02 17:40:56: /03.round-table/160714_forum-for-an-attitude/article.de.md: unresolved conflict results in No Copy
2017-06-02 17:40:56: /03.round-table/160714_forum-for-an-attitude/Depot Basel - Forum for an Attitude - Exhibition View.jpg: unresolved conflict results in No Copy
2017-06-02 17:40:56: /03.round-table/170412_Relaunch/article.de.md: unresolved conflict results in No Copy
2017-06-02 17:40:56: /03.round-table/170508_beizerei-traber/article.de.md: unresolved conflict results in No Copy
2017-06-02 17:40:56: /03.round-table/170518_design-for-a-better-world/article.md: unresolved conflict results in No Copy
2017-06-02 17:40:56: /03.round-table/170601_RoundTable/article.de.md: unresolved conflict results in No Copy
2017-06-02 17:40:56: /03.round-table/round-table.de.md: unresolved conflict results in No Copy
2017-06-02 17:40:56: /cheatsheet/default.md: unresolved conflict results in No Copy
2017-06-02 17:40:56: /documentation/default.md: unresolved conflict results in No Copy
2017-06-02 17:40:56: /images/logo.png: unresolved conflict results in No Copy
2017-06-02 17:40:56: == Sync Complete. Time: 00:00:00, Speed: 0.0/s, OK: 0, Errors: 0, Conflicts: 37
2017-06-02 17:40:56: 
